08-09 10:38:35 com_github_MitjaNemec_PlaceFootprints.action_place_footprints 674:Plugin executed on: 'win32'
08-09 10:38:35 com_github_MitjaNemec_PlaceFootprints.action_place_footprints 675:Plugin executed with python version: '3.11.5 (main, Jan 27 2025, 07:08:36) [MSC v.1942 64 bit (AMD64)]'
08-09 10:38:35 com_github_MitjaNemec_PlaceFootprints.action_place_footprints 676:KiCad build version: 9.0.2
08-09 10:38:35 com_github_MitjaNemec_PlaceFootprints.action_place_footprints 677:Plugin version: 4.0.1
08-09 10:38:35 com_github_MitjaNemec_PlaceFootprints.action_place_footprints 678:Frame repr: <wx._core.Frame object at 0x000001C944581E10>
08-09 10:38:35 com_github_MitjaNemec_PlaceFootprints.place_footprints 121:getting a list of all footprints on board
08-09 10:38:35 com_github_MitjaNemec_PlaceFootprints.place_footprints 156:Footprint TP572 on root level
08-09 10:38:35 com_github_MitjaNemec_PlaceFootprints.place_footprints 156:Footprint TP571 on root level
08-09 10:38:35 com_github_MitjaNemec_PlaceFootprints.place_footprints 156:Footprint TP570 on root level
08-09 10:38:35 com_github_MitjaNemec_PlaceFootprints.place_footprints 156:Footprint TP569 on root level
08-09 10:38:35 com_github_MitjaNemec_PlaceFootprints.place_footprints 156:Footprint TP568 on root level
08-09 10:38:35 com_github_MitjaNemec_PlaceFootprints.place_footprints 156:Footprint TP567 on root level
08-09 10:38:35 com_github_MitjaNemec_PlaceFootprints.place_footprints 156:Footprint TP566 on root level
08-09 10:38:35 com_github_MitjaNemec_PlaceFootprints.place_footprints 156:Footprint TP565 on root level
08-09 10:38:35 com_github_MitjaNemec_PlaceFootprints.place_footprints 156:Footprint TP564 on root level
08-09 10:38:35 com_github_MitjaNemec_PlaceFootprints.place_footprints 156:Footprint TP563 on root level
08-09 10:38:35 com_github_MitjaNemec_PlaceFootprints.place_footprints 156:Footprint TP562 on root level
08-09 10:38:35 com_github_MitjaNemec_PlaceFootprints.place_footprints 156:Footprint TP561 on root level
08-09 10:38:35 com_github_MitjaNemec_PlaceFootprints.place_footprints 156:Footprint TP560 on root level
08-09 10:38:35 com_github_MitjaNemec_PlaceFootprints.place_footprints 156:Footprint TP559 on root level
08-09 10:38:35 com_github_MitjaNemec_PlaceFootprints.place_footprints 156:Footprint TP558 on root level
08-09 10:38:35 com_github_MitjaNemec_PlaceFootprints.place_footprints 156:Footprint TP557 on root level
08-09 10:38:35 com_github_MitjaNemec_PlaceFootprints.place_footprints 156:Footprint TP556 on root level
08-09 10:38:35 com_github_MitjaNemec_PlaceFootprints.place_footprints 156:Footprint TP555 on root level
08-09 10:38:35 com_github_MitjaNemec_PlaceFootprints.place_footprints 156:Footprint TP554 on root level
08-09 10:38:35 com_github_MitjaNemec_PlaceFootprints.place_footprints 156:Footprint TP553 on root level
08-09 10:38:35 com_github_MitjaNemec_PlaceFootprints.place_footprints 156:Footprint TP552 on root level
08-09 10:38:35 com_github_MitjaNemec_PlaceFootprints.place_footprints 156:Footprint TP551 on root level
08-09 10:38:35 com_github_MitjaNemec_PlaceFootprints.place_footprints 156:Footprint TP550 on root level
08-09 10:38:35 com_github_MitjaNemec_PlaceFootprints.place_footprints 156:Footprint TP549 on root level
08-09 10:38:35 com_github_MitjaNemec_PlaceFootprints.place_footprints 156:Footprint TP548 on root level
08-09 10:38:35 com_github_MitjaNemec_PlaceFootprints.place_footprints 156:Footprint TP547 on root level
08-09 10:38:35 com_github_MitjaNemec_PlaceFootprints.place_footprints 156:Footprint TP546 on root level
08-09 10:38:35 com_github_MitjaNemec_PlaceFootprints.place_footprints 156:Footprint TP545 on root level
08-09 10:38:35 com_github_MitjaNemec_PlaceFootprints.place_footprints 156:Footprint TP544 on root level
08-09 10:38:35 com_github_MitjaNemec_PlaceFootprints.place_footprints 156:Footprint TP543 on root level
08-09 10:38:35 com_github_MitjaNemec_PlaceFootprints.place_footprints 156:Footprint TP542 on root level
08-09 10:38:35 com_github_MitjaNemec_PlaceFootprints.place_footprints 156:Footprint TP541 on root level
08-09 10:38:35 com_github_MitjaNemec_PlaceFootprints.place_footprints 156:Footprint TP540 on root level
08-09 10:38:35 com_github_MitjaNemec_PlaceFootprints.place_footprints 156:Footprint TP539 on root level
08-09 10:38:35 com_github_MitjaNemec_PlaceFootprints.place_footprints 156:Footprint TP538 on root level
08-09 10:38:35 com_github_MitjaNemec_PlaceFootprints.place_footprints 156:Footprint TP537 on root level
08-09 10:38:35 com_github_MitjaNemec_PlaceFootprints.place_footprints 156:Footprint TP536 on root level
08-09 10:38:35 com_github_MitjaNemec_PlaceFootprints.place_footprints 156:Footprint TP535 on root level
08-09 10:38:35 com_github_MitjaNemec_PlaceFootprints.place_footprints 156:Footprint TP534 on root level
08-09 10:38:35 com_github_MitjaNemec_PlaceFootprints.place_footprints 156:Footprint TP533 on root level
08-09 10:38:35 com_github_MitjaNemec_PlaceFootprints.place_footprints 156:Footprint TP532 on root level
08-09 10:38:35 com_github_MitjaNemec_PlaceFootprints.place_footprints 156:Footprint TP531 on root level
08-09 10:38:35 com_github_MitjaNemec_PlaceFootprints.place_footprints 156:Footprint TP530 on root level
08-09 10:38:35 com_github_MitjaNemec_PlaceFootprints.place_footprints 156:Footprint TP529 on root level
08-09 10:38:35 com_github_MitjaNemec_PlaceFootprints.place_footprints 156:Footprint TP528 on root level
08-09 10:38:35 com_github_MitjaNemec_PlaceFootprints.place_footprints 156:Footprint TP527 on root level
08-09 10:38:35 com_github_MitjaNemec_PlaceFootprints.place_footprints 156:Footprint TP526 on root level
08-09 10:38:35 com_github_MitjaNemec_PlaceFootprints.place_footprints 156:Footprint TP525 on root level
08-09 10:38:35 com_github_MitjaNemec_PlaceFootprints.place_footprints 156:Footprint TP524 on root level
08-09 10:38:35 com_github_MitjaNemec_PlaceFootprints.place_footprints 156:Footprint TP523 on root level
08-09 10:38:35 com_github_MitjaNemec_PlaceFootprints.place_footprints 156:Footprint TP522 on root level
08-09 10:38:35 com_github_MitjaNemec_PlaceFootprints.place_footprints 156:Footprint TP521 on root level
08-09 10:38:35 com_github_MitjaNemec_PlaceFootprints.place_footprints 156:Footprint TP520 on root level
08-09 10:38:35 com_github_MitjaNemec_PlaceFootprints.place_footprints 156:Footprint TP519 on root level
08-09 10:38:35 com_github_MitjaNemec_PlaceFootprints.place_footprints 156:Footprint TP518 on root level
08-09 10:38:35 com_github_MitjaNemec_PlaceFootprints.place_footprints 156:Footprint TP517 on root level
08-09 10:38:35 com_github_MitjaNemec_PlaceFootprints.place_footprints 156:Footprint TP516 on root level
08-09 10:38:35 com_github_MitjaNemec_PlaceFootprints.place_footprints 156:Footprint TP515 on root level
08-09 10:38:35 com_github_MitjaNemec_PlaceFootprints.place_footprints 156:Footprint TP514 on root level
08-09 10:38:35 com_github_MitjaNemec_PlaceFootprints.place_footprints 156:Footprint TP513 on root level
08-09 10:38:35 com_github_MitjaNemec_PlaceFootprints.place_footprints 156:Footprint TP512 on root level
08-09 10:38:35 com_github_MitjaNemec_PlaceFootprints.place_footprints 156:Footprint TP511 on root level
08-09 10:38:35 com_github_MitjaNemec_PlaceFootprints.place_footprints 156:Footprint TP510 on root level
08-09 10:38:35 com_github_MitjaNemec_PlaceFootprints.place_footprints 156:Footprint TP509 on root level
08-09 10:38:35 com_github_MitjaNemec_PlaceFootprints.place_footprints 156:Footprint TP508 on root level
08-09 10:38:35 com_github_MitjaNemec_PlaceFootprints.place_footprints 156:Footprint TP507 on root level
08-09 10:38:35 com_github_MitjaNemec_PlaceFootprints.place_footprints 156:Footprint TP506 on root level
08-09 10:38:35 com_github_MitjaNemec_PlaceFootprints.place_footprints 156:Footprint TP505 on root level
08-09 10:38:35 com_github_MitjaNemec_PlaceFootprints.place_footprints 156:Footprint TP504 on root level
08-09 10:38:35 com_github_MitjaNemec_PlaceFootprints.place_footprints 156:Footprint TP503 on root level
08-09 10:38:35 com_github_MitjaNemec_PlaceFootprints.place_footprints 156:Footprint TP502 on root level
08-09 10:38:35 com_github_MitjaNemec_PlaceFootprints.place_footprints 156:Footprint TP501 on root level
08-09 10:38:35 com_github_MitjaNemec_PlaceFootprints.place_footprints 156:Footprint TP500 on root level
08-09 10:38:35 com_github_MitjaNemec_PlaceFootprints.place_footprints 156:Footprint TP499 on root level
08-09 10:38:35 com_github_MitjaNemec_PlaceFootprints.place_footprints 156:Footprint TP498 on root level
08-09 10:38:35 com_github_MitjaNemec_PlaceFootprints.place_footprints 156:Footprint TP497 on root level
08-09 10:38:35 com_github_MitjaNemec_PlaceFootprints.place_footprints 156:Footprint TP496 on root level
08-09 10:38:35 com_github_MitjaNemec_PlaceFootprints.place_footprints 156:Footprint TP495 on root level
08-09 10:38:35 com_github_MitjaNemec_PlaceFootprints.place_footprints 156:Footprint TP494 on root level
08-09 10:38:35 com_github_MitjaNemec_PlaceFootprints.place_footprints 156:Footprint TP493 on root level
08-09 10:38:35 com_github_MitjaNemec_PlaceFootprints.place_footprints 156:Footprint TP492 on root level
08-09 10:38:35 com_github_MitjaNemec_PlaceFootprints.place_footprints 156:Footprint TP491 on root level
08-09 10:38:35 com_github_MitjaNemec_PlaceFootprints.place_footprints 156:Footprint TP490 on root level
08-09 10:38:35 com_github_MitjaNemec_PlaceFootprints.place_footprints 156:Footprint TP489 on root level
08-09 10:38:35 com_github_MitjaNemec_PlaceFootprints.place_footprints 156:Footprint TP488 on root level
08-09 10:38:35 com_github_MitjaNemec_PlaceFootprints.place_footprints 156:Footprint TP487 on root level
08-09 10:38:35 com_github_MitjaNemec_PlaceFootprints.place_footprints 156:Footprint TP486 on root level
08-09 10:38:35 com_github_MitjaNemec_PlaceFootprints.place_footprints 156:Footprint TP485 on root level
08-09 10:38:35 com_github_MitjaNemec_PlaceFootprints.place_footprints 156:Footprint TP484 on root level
08-09 10:38:35 com_github_MitjaNemec_PlaceFootprints.place_footprints 156:Footprint TP483 on root level
08-09 10:38:35 com_github_MitjaNemec_PlaceFootprints.place_footprints 156:Footprint TP482 on root level
08-09 10:38:35 com_github_MitjaNemec_PlaceFootprints.place_footprints 156:Footprint TP481 on root level
08-09 10:38:35 com_github_MitjaNemec_PlaceFootprints.place_footprints 156:Footprint TP480 on root level
08-09 10:38:35 com_github_MitjaNemec_PlaceFootprints.place_footprints 156:Footprint TP479 on root level
08-09 10:38:35 com_github_MitjaNemec_PlaceFootprints.place_footprints 156:Footprint TP478 on root level
08-09 10:38:35 com_github_MitjaNemec_PlaceFootprints.place_footprints 156:Footprint TP477 on root level
08-09 10:38:35 com_github_MitjaNemec_PlaceFootprints.place_footprints 156:Footprint TP476 on root level
08-09 10:38:35 com_github_MitjaNemec_PlaceFootprints.place_footprints 156:Footprint TP475 on root level
08-09 10:38:35 com_github_MitjaNemec_PlaceFootprints.place_footprints 156:Footprint TP474 on root level
08-09 10:38:35 com_github_MitjaNemec_PlaceFootprints.place_footprints 156:Footprint TP473 on root level
08-09 10:38:35 com_github_MitjaNemec_PlaceFootprints.place_footprints 156:Footprint TP472 on root level
08-09 10:38:35 com_github_MitjaNemec_PlaceFootprints.place_footprints 156:Footprint TP471 on root level
08-09 10:38:35 com_github_MitjaNemec_PlaceFootprints.place_footprints 156:Footprint TP470 on root level
08-09 10:38:35 com_github_MitjaNemec_PlaceFootprints.place_footprints 156:Footprint TP469 on root level
08-09 10:38:35 com_github_MitjaNemec_PlaceFootprints.place_footprints 156:Footprint TP468 on root level
08-09 10:38:35 com_github_MitjaNemec_PlaceFootprints.place_footprints 156:Footprint TP467 on root level
08-09 10:38:35 com_github_MitjaNemec_PlaceFootprints.place_footprints 156:Footprint TP466 on root level
08-09 10:38:35 com_github_MitjaNemec_PlaceFootprints.place_footprints 156:Footprint TP465 on root level
08-09 10:38:35 com_github_MitjaNemec_PlaceFootprints.place_footprints 156:Footprint TP464 on root level
08-09 10:38:35 com_github_MitjaNemec_PlaceFootprints.place_footprints 156:Footprint TP463 on root level
08-09 10:38:35 com_github_MitjaNemec_PlaceFootprints.place_footprints 156:Footprint TP462 on root level
08-09 10:38:35 com_github_MitjaNemec_PlaceFootprints.place_footprints 156:Footprint TP461 on root level
08-09 10:38:35 com_github_MitjaNemec_PlaceFootprints.place_footprints 156:Footprint TP460 on root level
08-09 10:38:35 com_github_MitjaNemec_PlaceFootprints.place_footprints 156:Footprint TP459 on root level
08-09 10:38:35 com_github_MitjaNemec_PlaceFootprints.place_footprints 156:Footprint TP458 on root level
08-09 10:38:35 com_github_MitjaNemec_PlaceFootprints.place_footprints 156:Footprint TP457 on root level
08-09 10:38:35 com_github_MitjaNemec_PlaceFootprints.place_footprints 156:Footprint TP456 on root level
08-09 10:38:35 com_github_MitjaNemec_PlaceFootprints.place_footprints 156:Footprint TP455 on root level
08-09 10:38:35 com_github_MitjaNemec_PlaceFootprints.place_footprints 156:Footprint TP454 on root level
08-09 10:38:35 com_github_MitjaNemec_PlaceFootprints.place_footprints 156:Footprint TP453 on root level
08-09 10:38:35 com_github_MitjaNemec_PlaceFootprints.place_footprints 156:Footprint TP452 on root level
08-09 10:38:35 com_github_MitjaNemec_PlaceFootprints.place_footprints 156:Footprint TP451 on root level
08-09 10:38:35 com_github_MitjaNemec_PlaceFootprints.place_footprints 156:Footprint TP450 on root level
08-09 10:38:35 com_github_MitjaNemec_PlaceFootprints.place_footprints 156:Footprint TP449 on root level
08-09 10:38:35 com_github_MitjaNemec_PlaceFootprints.place_footprints 156:Footprint TP448 on root level
08-09 10:38:35 com_github_MitjaNemec_PlaceFootprints.place_footprints 156:Footprint TP447 on root level
08-09 10:38:35 com_github_MitjaNemec_PlaceFootprints.place_footprints 156:Footprint TP446 on root level
08-09 10:38:35 com_github_MitjaNemec_PlaceFootprints.place_footprints 156:Footprint TP445 on root level
08-09 10:38:35 com_github_MitjaNemec_PlaceFootprints.place_footprints 156:Footprint TP444 on root level
08-09 10:38:35 com_github_MitjaNemec_PlaceFootprints.place_footprints 156:Footprint TP443 on root level
08-09 10:38:35 com_github_MitjaNemec_PlaceFootprints.place_footprints 156:Footprint TP442 on root level
08-09 10:38:35 com_github_MitjaNemec_PlaceFootprints.place_footprints 156:Footprint TP441 on root level
08-09 10:38:35 com_github_MitjaNemec_PlaceFootprints.place_footprints 156:Footprint TP440 on root level
08-09 10:38:35 com_github_MitjaNemec_PlaceFootprints.place_footprints 156:Footprint TP439 on root level
08-09 10:38:35 com_github_MitjaNemec_PlaceFootprints.place_footprints 156:Footprint TP438 on root level
08-09 10:38:35 com_github_MitjaNemec_PlaceFootprints.place_footprints 156:Footprint TP437 on root level
08-09 10:38:35 com_github_MitjaNemec_PlaceFootprints.place_footprints 156:Footprint TP436 on root level
08-09 10:38:35 com_github_MitjaNemec_PlaceFootprints.place_footprints 156:Footprint TP435 on root level
08-09 10:38:35 com_github_MitjaNemec_PlaceFootprints.place_footprints 156:Footprint TP434 on root level
08-09 10:38:35 com_github_MitjaNemec_PlaceFootprints.place_footprints 156:Footprint TP433 on root level
08-09 10:38:35 com_github_MitjaNemec_PlaceFootprints.place_footprints 156:Footprint TP432 on root level
08-09 10:38:35 com_github_MitjaNemec_PlaceFootprints.place_footprints 156:Footprint TP431 on root level
08-09 10:38:35 com_github_MitjaNemec_PlaceFootprints.place_footprints 156:Footprint TP430 on root level
08-09 10:38:35 com_github_MitjaNemec_PlaceFootprints.place_footprints 156:Footprint TP429 on root level
08-09 10:38:35 com_github_MitjaNemec_PlaceFootprints.place_footprints 156:Footprint TP428 on root level
08-09 10:38:35 com_github_MitjaNemec_PlaceFootprints.place_footprints 156:Footprint TP427 on root level
08-09 10:38:35 com_github_MitjaNemec_PlaceFootprints.place_footprints 156:Footprint TP426 on root level
08-09 10:38:35 com_github_MitjaNemec_PlaceFootprints.place_footprints 156:Footprint TP425 on root level
08-09 10:38:35 com_github_MitjaNemec_PlaceFootprints.place_footprints 156:Footprint TP424 on root level
08-09 10:38:35 com_github_MitjaNemec_PlaceFootprints.place_footprints 156:Footprint TP423 on root level
08-09 10:38:35 com_github_MitjaNemec_PlaceFootprints.place_footprints 156:Footprint TP422 on root level
08-09 10:38:35 com_github_MitjaNemec_PlaceFootprints.place_footprints 156:Footprint TP421 on root level
08-09 10:38:35 com_github_MitjaNemec_PlaceFootprints.place_footprints 156:Footprint TP420 on root level
08-09 10:38:35 com_github_MitjaNemec_PlaceFootprints.place_footprints 156:Footprint TP419 on root level
08-09 10:38:35 com_github_MitjaNemec_PlaceFootprints.place_footprints 156:Footprint TP418 on root level
08-09 10:38:35 com_github_MitjaNemec_PlaceFootprints.place_footprints 156:Footprint TP417 on root level
08-09 10:38:35 com_github_MitjaNemec_PlaceFootprints.place_footprints 156:Footprint TP416 on root level
08-09 10:38:35 com_github_MitjaNemec_PlaceFootprints.place_footprints 156:Footprint TP415 on root level
08-09 10:38:35 com_github_MitjaNemec_PlaceFootprints.place_footprints 156:Footprint TP414 on root level
08-09 10:38:35 com_github_MitjaNemec_PlaceFootprints.place_footprints 156:Footprint TP413 on root level
08-09 10:38:35 com_github_MitjaNemec_PlaceFootprints.place_footprints 156:Footprint TP412 on root level
08-09 10:38:35 com_github_MitjaNemec_PlaceFootprints.place_footprints 156:Footprint TP411 on root level
08-09 10:38:35 com_github_MitjaNemec_PlaceFootprints.place_footprints 156:Footprint TP410 on root level
08-09 10:38:35 com_github_MitjaNemec_PlaceFootprints.place_footprints 156:Footprint TP409 on root level
08-09 10:38:35 com_github_MitjaNemec_PlaceFootprints.place_footprints 156:Footprint TP408 on root level
08-09 10:38:35 com_github_MitjaNemec_PlaceFootprints.place_footprints 156:Footprint TP407 on root level
08-09 10:38:35 com_github_MitjaNemec_PlaceFootprints.place_footprints 156:Footprint TP406 on root level
08-09 10:38:35 com_github_MitjaNemec_PlaceFootprints.place_footprints 156:Footprint TP405 on root level
08-09 10:38:35 com_github_MitjaNemec_PlaceFootprints.place_footprints 156:Footprint TP404 on root level
08-09 10:38:35 com_github_MitjaNemec_PlaceFootprints.place_footprints 156:Footprint TP403 on root level
08-09 10:38:35 com_github_MitjaNemec_PlaceFootprints.place_footprints 156:Footprint TP402 on root level
08-09 10:38:35 com_github_MitjaNemec_PlaceFootprints.place_footprints 156:Footprint TP401 on root level
08-09 10:38:35 com_github_MitjaNemec_PlaceFootprints.place_footprints 156:Footprint TP400 on root level
08-09 10:38:35 com_github_MitjaNemec_PlaceFootprints.place_footprints 156:Footprint TP399 on root level
08-09 10:38:35 com_github_MitjaNemec_PlaceFootprints.place_footprints 156:Footprint TP398 on root level
08-09 10:38:35 com_github_MitjaNemec_PlaceFootprints.place_footprints 156:Footprint TP397 on root level
08-09 10:38:35 com_github_MitjaNemec_PlaceFootprints.place_footprints 156:Footprint TP396 on root level
08-09 10:38:35 com_github_MitjaNemec_PlaceFootprints.place_footprints 156:Footprint TP395 on root level
08-09 10:38:35 com_github_MitjaNemec_PlaceFootprints.place_footprints 156:Footprint TP394 on root level
08-09 10:38:35 com_github_MitjaNemec_PlaceFootprints.place_footprints 156:Footprint TP393 on root level
08-09 10:38:35 com_github_MitjaNemec_PlaceFootprints.place_footprints 156:Footprint TP392 on root level
08-09 10:38:35 com_github_MitjaNemec_PlaceFootprints.place_footprints 156:Footprint TP391 on root level
08-09 10:38:35 com_github_MitjaNemec_PlaceFootprints.place_footprints 156:Footprint TP390 on root level
08-09 10:38:35 com_github_MitjaNemec_PlaceFootprints.place_footprints 156:Footprint TP389 on root level
08-09 10:38:35 com_github_MitjaNemec_PlaceFootprints.place_footprints 156:Footprint TP388 on root level
08-09 10:38:35 com_github_MitjaNemec_PlaceFootprints.place_footprints 156:Footprint TP387 on root level
08-09 10:38:35 com_github_MitjaNemec_PlaceFootprints.place_footprints 156:Footprint TP386 on root level
08-09 10:38:35 com_github_MitjaNemec_PlaceFootprints.place_footprints 156:Footprint TP385 on root level
08-09 10:38:35 com_github_MitjaNemec_PlaceFootprints.place_footprints 156:Footprint TP384 on root level
08-09 10:38:35 com_github_MitjaNemec_PlaceFootprints.place_footprints 156:Footprint TP383 on root level
08-09 10:38:35 com_github_MitjaNemec_PlaceFootprints.place_footprints 156:Footprint TP382 on root level
08-09 10:38:35 com_github_MitjaNemec_PlaceFootprints.place_footprints 156:Footprint TP381 on root level
08-09 10:38:35 com_github_MitjaNemec_PlaceFootprints.place_footprints 156:Footprint TP380 on root level
08-09 10:38:35 com_github_MitjaNemec_PlaceFootprints.place_footprints 156:Footprint TP379 on root level
08-09 10:38:35 com_github_MitjaNemec_PlaceFootprints.place_footprints 156:Footprint TP378 on root level
08-09 10:38:35 com_github_MitjaNemec_PlaceFootprints.place_footprints 156:Footprint TP377 on root level
08-09 10:38:35 com_github_MitjaNemec_PlaceFootprints.place_footprints 156:Footprint TP376 on root level
08-09 10:38:35 com_github_MitjaNemec_PlaceFootprints.place_footprints 156:Footprint TP375 on root level
08-09 10:38:35 com_github_MitjaNemec_PlaceFootprints.place_footprints 156:Footprint TP374 on root level
08-09 10:38:35 com_github_MitjaNemec_PlaceFootprints.place_footprints 156:Footprint TP373 on root level
08-09 10:38:35 com_github_MitjaNemec_PlaceFootprints.place_footprints 156:Footprint TP372 on root level
08-09 10:38:35 com_github_MitjaNemec_PlaceFootprints.place_footprints 156:Footprint TP371 on root level
08-09 10:38:35 com_github_MitjaNemec_PlaceFootprints.place_footprints 156:Footprint TP370 on root level
08-09 10:38:35 com_github_MitjaNemec_PlaceFootprints.place_footprints 156:Footprint TP369 on root level
08-09 10:38:35 com_github_MitjaNemec_PlaceFootprints.place_footprints 156:Footprint TP368 on root level
08-09 10:38:35 com_github_MitjaNemec_PlaceFootprints.place_footprints 156:Footprint TP367 on root level
08-09 10:38:35 com_github_MitjaNemec_PlaceFootprints.place_footprints 156:Footprint TP366 on root level
08-09 10:38:35 com_github_MitjaNemec_PlaceFootprints.place_footprints 156:Footprint TP365 on root level
08-09 10:38:35 com_github_MitjaNemec_PlaceFootprints.place_footprints 156:Footprint TP364 on root level
08-09 10:38:35 com_github_MitjaNemec_PlaceFootprints.place_footprints 156:Footprint TP363 on root level
08-09 10:38:35 com_github_MitjaNemec_PlaceFootprints.place_footprints 156:Footprint TP362 on root level
08-09 10:38:35 com_github_MitjaNemec_PlaceFootprints.place_footprints 156:Footprint TP361 on root level
08-09 10:38:35 com_github_MitjaNemec_PlaceFootprints.place_footprints 156:Footprint TP360 on root level
08-09 10:38:35 com_github_MitjaNemec_PlaceFootprints.place_footprints 156:Footprint TP359 on root level
08-09 10:38:35 com_github_MitjaNemec_PlaceFootprints.place_footprints 156:Footprint TP358 on root level
08-09 10:38:35 com_github_MitjaNemec_PlaceFootprints.place_footprints 156:Footprint TP357 on root level
08-09 10:38:35 com_github_MitjaNemec_PlaceFootprints.place_footprints 156:Footprint TP356 on root level
08-09 10:38:35 com_github_MitjaNemec_PlaceFootprints.place_footprints 156:Footprint TP355 on root level
08-09 10:38:35 com_github_MitjaNemec_PlaceFootprints.place_footprints 156:Footprint TP354 on root level
08-09 10:38:35 com_github_MitjaNemec_PlaceFootprints.place_footprints 156:Footprint TP353 on root level
08-09 10:38:35 com_github_MitjaNemec_PlaceFootprints.place_footprints 156:Footprint TP352 on root level
08-09 10:38:35 com_github_MitjaNemec_PlaceFootprints.place_footprints 156:Footprint TP351 on root level
08-09 10:38:35 com_github_MitjaNemec_PlaceFootprints.place_footprints 156:Footprint TP350 on root level
08-09 10:38:35 com_github_MitjaNemec_PlaceFootprints.place_footprints 156:Footprint TP349 on root level
08-09 10:38:35 com_github_MitjaNemec_PlaceFootprints.place_footprints 156:Footprint TP348 on root level
08-09 10:38:35 com_github_MitjaNemec_PlaceFootprints.place_footprints 156:Footprint TP347 on root level
08-09 10:38:35 com_github_MitjaNemec_PlaceFootprints.place_footprints 156:Footprint TP346 on root level
08-09 10:38:35 com_github_MitjaNemec_PlaceFootprints.place_footprints 156:Footprint TP345 on root level
08-09 10:38:35 com_github_MitjaNemec_PlaceFootprints.place_footprints 156:Footprint TP344 on root level
08-09 10:38:35 com_github_MitjaNemec_PlaceFootprints.place_footprints 156:Footprint TP343 on root level
08-09 10:38:35 com_github_MitjaNemec_PlaceFootprints.place_footprints 156:Footprint TP342 on root level
08-09 10:38:35 com_github_MitjaNemec_PlaceFootprints.place_footprints 156:Footprint TP341 on root level
08-09 10:38:35 com_github_MitjaNemec_PlaceFootprints.place_footprints 156:Footprint TP340 on root level
08-09 10:38:35 com_github_MitjaNemec_PlaceFootprints.place_footprints 156:Footprint TP339 on root level
08-09 10:38:35 com_github_MitjaNemec_PlaceFootprints.place_footprints 156:Footprint TP338 on root level
08-09 10:38:35 com_github_MitjaNemec_PlaceFootprints.place_footprints 156:Footprint TP337 on root level
08-09 10:38:35 com_github_MitjaNemec_PlaceFootprints.place_footprints 156:Footprint TP336 on root level
08-09 10:38:35 com_github_MitjaNemec_PlaceFootprints.place_footprints 156:Footprint TP335 on root level
08-09 10:38:35 com_github_MitjaNemec_PlaceFootprints.place_footprints 156:Footprint TP334 on root level
08-09 10:38:35 com_github_MitjaNemec_PlaceFootprints.place_footprints 156:Footprint TP333 on root level
08-09 10:38:35 com_github_MitjaNemec_PlaceFootprints.place_footprints 156:Footprint TP332 on root level
08-09 10:38:35 com_github_MitjaNemec_PlaceFootprints.place_footprints 156:Footprint TP331 on root level
08-09 10:38:35 com_github_MitjaNemec_PlaceFootprints.place_footprints 156:Footprint TP330 on root level
08-09 10:38:35 com_github_MitjaNemec_PlaceFootprints.place_footprints 156:Footprint TP329 on root level
08-09 10:38:35 com_github_MitjaNemec_PlaceFootprints.place_footprints 156:Footprint TP328 on root level
08-09 10:38:35 com_github_MitjaNemec_PlaceFootprints.place_footprints 156:Footprint TP327 on root level
08-09 10:38:35 com_github_MitjaNemec_PlaceFootprints.place_footprints 156:Footprint TP326 on root level
08-09 10:38:35 com_github_MitjaNemec_PlaceFootprints.place_footprints 156:Footprint TP325 on root level
08-09 10:38:35 com_github_MitjaNemec_PlaceFootprints.place_footprints 156:Footprint TP324 on root level
08-09 10:38:35 com_github_MitjaNemec_PlaceFootprints.place_footprints 156:Footprint TP323 on root level
08-09 10:38:35 com_github_MitjaNemec_PlaceFootprints.place_footprints 156:Footprint TP322 on root level
08-09 10:38:35 com_github_MitjaNemec_PlaceFootprints.place_footprints 156:Footprint TP321 on root level
08-09 10:38:35 com_github_MitjaNemec_PlaceFootprints.place_footprints 156:Footprint TP320 on root level
08-09 10:38:35 com_github_MitjaNemec_PlaceFootprints.place_footprints 156:Footprint TP319 on root level
08-09 10:38:35 com_github_MitjaNemec_PlaceFootprints.place_footprints 156:Footprint TP318 on root level
08-09 10:38:35 com_github_MitjaNemec_PlaceFootprints.place_footprints 156:Footprint TP317 on root level
08-09 10:38:35 com_github_MitjaNemec_PlaceFootprints.place_footprints 156:Footprint TP316 on root level
08-09 10:38:35 com_github_MitjaNemec_PlaceFootprints.place_footprints 156:Footprint TP315 on root level
08-09 10:38:35 com_github_MitjaNemec_PlaceFootprints.place_footprints 156:Footprint TP314 on root level
08-09 10:38:35 com_github_MitjaNemec_PlaceFootprints.place_footprints 156:Footprint TP313 on root level
08-09 10:38:35 com_github_MitjaNemec_PlaceFootprints.place_footprints 156:Footprint TP312 on root level
08-09 10:38:35 com_github_MitjaNemec_PlaceFootprints.place_footprints 156:Footprint TP311 on root level
08-09 10:38:35 com_github_MitjaNemec_PlaceFootprints.place_footprints 156:Footprint TP310 on root level
08-09 10:38:35 com_github_MitjaNemec_PlaceFootprints.place_footprints 156:Footprint TP309 on root level
08-09 10:38:35 com_github_MitjaNemec_PlaceFootprints.place_footprints 156:Footprint TP308 on root level
08-09 10:38:35 com_github_MitjaNemec_PlaceFootprints.place_footprints 156:Footprint TP307 on root level
08-09 10:38:35 com_github_MitjaNemec_PlaceFootprints.place_footprints 156:Footprint TP306 on root level
08-09 10:38:35 com_github_MitjaNemec_PlaceFootprints.place_footprints 156:Footprint TP305 on root level
08-09 10:38:35 com_github_MitjaNemec_PlaceFootprints.place_footprints 156:Footprint TP304 on root level
08-09 10:38:35 com_github_MitjaNemec_PlaceFootprints.place_footprints 156:Footprint TP303 on root level
08-09 10:38:35 com_github_MitjaNemec_PlaceFootprints.place_footprints 156:Footprint TP302 on root level
08-09 10:38:35 com_github_MitjaNemec_PlaceFootprints.place_footprints 156:Footprint TP301 on root level
08-09 10:38:35 com_github_MitjaNemec_PlaceFootprints.place_footprints 156:Footprint TP300 on root level
08-09 10:38:35 com_github_MitjaNemec_PlaceFootprints.place_footprints 156:Footprint TP299 on root level
08-09 10:38:35 com_github_MitjaNemec_PlaceFootprints.place_footprints 156:Footprint TP298 on root level
08-09 10:38:35 com_github_MitjaNemec_PlaceFootprints.place_footprints 156:Footprint TP297 on root level
08-09 10:38:35 com_github_MitjaNemec_PlaceFootprints.place_footprints 156:Footprint TP296 on root level
08-09 10:38:35 com_github_MitjaNemec_PlaceFootprints.place_footprints 156:Footprint TP295 on root level
08-09 10:38:35 com_github_MitjaNemec_PlaceFootprints.place_footprints 156:Footprint TP294 on root level
08-09 10:38:35 com_github_MitjaNemec_PlaceFootprints.place_footprints 156:Footprint TP293 on root level
08-09 10:38:35 com_github_MitjaNemec_PlaceFootprints.place_footprints 156:Footprint TP292 on root level
08-09 10:38:35 com_github_MitjaNemec_PlaceFootprints.place_footprints 156:Footprint TP291 on root level
08-09 10:38:35 com_github_MitjaNemec_PlaceFootprints.place_footprints 156:Footprint TP290 on root level
08-09 10:38:35 com_github_MitjaNemec_PlaceFootprints.place_footprints 156:Footprint TP289 on root level
08-09 10:38:35 com_github_MitjaNemec_PlaceFootprints.place_footprints 156:Footprint TP288 on root level
08-09 10:38:35 com_github_MitjaNemec_PlaceFootprints.place_footprints 156:Footprint TP287 on root level
08-09 10:38:35 com_github_MitjaNemec_PlaceFootprints.place_footprints 156:Footprint TP286 on root level
08-09 10:38:35 com_github_MitjaNemec_PlaceFootprints.place_footprints 156:Footprint TP285 on root level
08-09 10:38:35 com_github_MitjaNemec_PlaceFootprints.place_footprints 156:Footprint TP284 on root level
08-09 10:38:35 com_github_MitjaNemec_PlaceFootprints.place_footprints 156:Footprint TP283 on root level
08-09 10:38:35 com_github_MitjaNemec_PlaceFootprints.place_footprints 156:Footprint TP282 on root level
08-09 10:38:35 com_github_MitjaNemec_PlaceFootprints.place_footprints 156:Footprint TP281 on root level
08-09 10:38:35 com_github_MitjaNemec_PlaceFootprints.place_footprints 156:Footprint TP280 on root level
08-09 10:38:35 com_github_MitjaNemec_PlaceFootprints.place_footprints 156:Footprint TP279 on root level
08-09 10:38:35 com_github_MitjaNemec_PlaceFootprints.place_footprints 156:Footprint TP278 on root level
08-09 10:38:35 com_github_MitjaNemec_PlaceFootprints.place_footprints 156:Footprint TP277 on root level
08-09 10:38:35 com_github_MitjaNemec_PlaceFootprints.place_footprints 156:Footprint TP276 on root level
08-09 10:38:35 com_github_MitjaNemec_PlaceFootprints.place_footprints 156:Footprint TP275 on root level
08-09 10:38:35 com_github_MitjaNemec_PlaceFootprints.place_footprints 156:Footprint TP274 on root level
08-09 10:38:35 com_github_MitjaNemec_PlaceFootprints.place_footprints 156:Footprint TP273 on root level
08-09 10:38:35 com_github_MitjaNemec_PlaceFootprints.place_footprints 156:Footprint TP272 on root level
08-09 10:38:35 com_github_MitjaNemec_PlaceFootprints.place_footprints 156:Footprint TP271 on root level
08-09 10:38:35 com_github_MitjaNemec_PlaceFootprints.place_footprints 156:Footprint TP270 on root level
08-09 10:38:35 com_github_MitjaNemec_PlaceFootprints.place_footprints 156:Footprint TP269 on root level
08-09 10:38:35 com_github_MitjaNemec_PlaceFootprints.place_footprints 156:Footprint TP268 on root level
08-09 10:38:35 com_github_MitjaNemec_PlaceFootprints.place_footprints 156:Footprint TP267 on root level
08-09 10:38:35 com_github_MitjaNemec_PlaceFootprints.place_footprints 156:Footprint TP266 on root level
08-09 10:38:35 com_github_MitjaNemec_PlaceFootprints.place_footprints 156:Footprint TP265 on root level
08-09 10:38:35 com_github_MitjaNemec_PlaceFootprints.place_footprints 156:Footprint TP264 on root level
08-09 10:38:35 com_github_MitjaNemec_PlaceFootprints.place_footprints 156:Footprint TP263 on root level
08-09 10:38:35 com_github_MitjaNemec_PlaceFootprints.place_footprints 156:Footprint TP262 on root level
08-09 10:38:35 com_github_MitjaNemec_PlaceFootprints.place_footprints 156:Footprint TP261 on root level
08-09 10:38:35 com_github_MitjaNemec_PlaceFootprints.place_footprints 156:Footprint TP260 on root level
08-09 10:38:35 com_github_MitjaNemec_PlaceFootprints.place_footprints 156:Footprint TP259 on root level
08-09 10:38:35 com_github_MitjaNemec_PlaceFootprints.place_footprints 156:Footprint TP258 on root level
08-09 10:38:35 com_github_MitjaNemec_PlaceFootprints.place_footprints 156:Footprint TP257 on root level
08-09 10:38:35 com_github_MitjaNemec_PlaceFootprints.place_footprints 156:Footprint TP256 on root level
08-09 10:38:35 com_github_MitjaNemec_PlaceFootprints.place_footprints 156:Footprint TP255 on root level
08-09 10:38:35 com_github_MitjaNemec_PlaceFootprints.place_footprints 156:Footprint TP254 on root level
08-09 10:38:35 com_github_MitjaNemec_PlaceFootprints.place_footprints 156:Footprint TP253 on root level
08-09 10:38:35 com_github_MitjaNemec_PlaceFootprints.place_footprints 156:Footprint TP252 on root level
08-09 10:38:35 com_github_MitjaNemec_PlaceFootprints.place_footprints 156:Footprint TP251 on root level
08-09 10:38:35 com_github_MitjaNemec_PlaceFootprints.place_footprints 156:Footprint TP250 on root level
08-09 10:38:35 com_github_MitjaNemec_PlaceFootprints.place_footprints 156:Footprint TP249 on root level
08-09 10:38:35 com_github_MitjaNemec_PlaceFootprints.place_footprints 156:Footprint TP248 on root level
08-09 10:38:35 com_github_MitjaNemec_PlaceFootprints.place_footprints 156:Footprint TP247 on root level
08-09 10:38:35 com_github_MitjaNemec_PlaceFootprints.place_footprints 156:Footprint TP246 on root level
08-09 10:38:35 com_github_MitjaNemec_PlaceFootprints.place_footprints 156:Footprint TP245 on root level
08-09 10:38:35 com_github_MitjaNemec_PlaceFootprints.place_footprints 156:Footprint TP244 on root level
08-09 10:38:35 com_github_MitjaNemec_PlaceFootprints.place_footprints 156:Footprint TP243 on root level
08-09 10:38:35 com_github_MitjaNemec_PlaceFootprints.place_footprints 156:Footprint TP242 on root level
08-09 10:38:35 com_github_MitjaNemec_PlaceFootprints.place_footprints 156:Footprint TP241 on root level
08-09 10:38:35 com_github_MitjaNemec_PlaceFootprints.place_footprints 156:Footprint TP240 on root level
08-09 10:38:35 com_github_MitjaNemec_PlaceFootprints.place_footprints 156:Footprint TP239 on root level
08-09 10:38:35 com_github_MitjaNemec_PlaceFootprints.place_footprints 156:Footprint TP238 on root level
08-09 10:38:35 com_github_MitjaNemec_PlaceFootprints.place_footprints 156:Footprint TP237 on root level
08-09 10:38:35 com_github_MitjaNemec_PlaceFootprints.place_footprints 156:Footprint TP236 on root level
08-09 10:38:35 com_github_MitjaNemec_PlaceFootprints.place_footprints 156:Footprint TP235 on root level
08-09 10:38:35 com_github_MitjaNemec_PlaceFootprints.place_footprints 156:Footprint TP234 on root level
08-09 10:38:35 com_github_MitjaNemec_PlaceFootprints.place_footprints 156:Footprint TP233 on root level
08-09 10:38:35 com_github_MitjaNemec_PlaceFootprints.place_footprints 156:Footprint TP232 on root level
08-09 10:38:35 com_github_MitjaNemec_PlaceFootprints.place_footprints 156:Footprint TP231 on root level
08-09 10:38:35 com_github_MitjaNemec_PlaceFootprints.place_footprints 156:Footprint TP230 on root level
08-09 10:38:35 com_github_MitjaNemec_PlaceFootprints.place_footprints 156:Footprint TP229 on root level
08-09 10:38:35 com_github_MitjaNemec_PlaceFootprints.place_footprints 156:Footprint TP228 on root level
08-09 10:38:35 com_github_MitjaNemec_PlaceFootprints.place_footprints 156:Footprint TP227 on root level
08-09 10:38:35 com_github_MitjaNemec_PlaceFootprints.place_footprints 156:Footprint TP226 on root level
08-09 10:38:35 com_github_MitjaNemec_PlaceFootprints.place_footprints 156:Footprint TP225 on root level
08-09 10:38:35 com_github_MitjaNemec_PlaceFootprints.place_footprints 156:Footprint TP224 on root level
08-09 10:38:35 com_github_MitjaNemec_PlaceFootprints.place_footprints 156:Footprint TP223 on root level
08-09 10:38:35 com_github_MitjaNemec_PlaceFootprints.place_footprints 156:Footprint TP222 on root level
08-09 10:38:35 com_github_MitjaNemec_PlaceFootprints.place_footprints 156:Footprint TP221 on root level
08-09 10:38:35 com_github_MitjaNemec_PlaceFootprints.place_footprints 156:Footprint TP220 on root level
08-09 10:38:35 com_github_MitjaNemec_PlaceFootprints.place_footprints 156:Footprint TP219 on root level
08-09 10:38:35 com_github_MitjaNemec_PlaceFootprints.place_footprints 156:Footprint TP218 on root level
08-09 10:38:35 com_github_MitjaNemec_PlaceFootprints.place_footprints 156:Footprint TP217 on root level
08-09 10:38:35 com_github_MitjaNemec_PlaceFootprints.place_footprints 156:Footprint TP216 on root level
08-09 10:38:35 com_github_MitjaNemec_PlaceFootprints.place_footprints 156:Footprint TP215 on root level
08-09 10:38:35 com_github_MitjaNemec_PlaceFootprints.place_footprints 156:Footprint TP214 on root level
08-09 10:38:35 com_github_MitjaNemec_PlaceFootprints.place_footprints 156:Footprint TP213 on root level
08-09 10:38:35 com_github_MitjaNemec_PlaceFootprints.place_footprints 156:Footprint TP212 on root level
08-09 10:38:35 com_github_MitjaNemec_PlaceFootprints.place_footprints 156:Footprint TP211 on root level
08-09 10:38:35 com_github_MitjaNemec_PlaceFootprints.place_footprints 156:Footprint TP210 on root level
08-09 10:38:35 com_github_MitjaNemec_PlaceFootprints.place_footprints 156:Footprint TP209 on root level
08-09 10:38:35 com_github_MitjaNemec_PlaceFootprints.place_footprints 156:Footprint TP208 on root level
08-09 10:38:35 com_github_MitjaNemec_PlaceFootprints.place_footprints 156:Footprint TP207 on root level
08-09 10:38:35 com_github_MitjaNemec_PlaceFootprints.place_footprints 156:Footprint TP206 on root level
08-09 10:38:35 com_github_MitjaNemec_PlaceFootprints.place_footprints 156:Footprint TP205 on root level
08-09 10:38:35 com_github_MitjaNemec_PlaceFootprints.place_footprints 156:Footprint TP204 on root level
08-09 10:38:35 com_github_MitjaNemec_PlaceFootprints.place_footprints 156:Footprint TP203 on root level
08-09 10:38:35 com_github_MitjaNemec_PlaceFootprints.place_footprints 156:Footprint TP202 on root level
08-09 10:38:35 com_github_MitjaNemec_PlaceFootprints.place_footprints 156:Footprint TP201 on root level
08-09 10:38:35 com_github_MitjaNemec_PlaceFootprints.place_footprints 156:Footprint TP200 on root level
08-09 10:38:35 com_github_MitjaNemec_PlaceFootprints.place_footprints 156:Footprint TP199 on root level
08-09 10:38:35 com_github_MitjaNemec_PlaceFootprints.place_footprints 156:Footprint TP198 on root level
08-09 10:38:35 com_github_MitjaNemec_PlaceFootprints.place_footprints 156:Footprint TP197 on root level
08-09 10:38:35 com_github_MitjaNemec_PlaceFootprints.place_footprints 156:Footprint TP196 on root level
08-09 10:38:35 com_github_MitjaNemec_PlaceFootprints.place_footprints 156:Footprint TP195 on root level
08-09 10:38:35 com_github_MitjaNemec_PlaceFootprints.place_footprints 156:Footprint TP194 on root level
08-09 10:38:35 com_github_MitjaNemec_PlaceFootprints.place_footprints 156:Footprint TP193 on root level
08-09 10:38:35 com_github_MitjaNemec_PlaceFootprints.place_footprints 156:Footprint TP192 on root level
08-09 10:38:35 com_github_MitjaNemec_PlaceFootprints.place_footprints 156:Footprint TP191 on root level
08-09 10:38:35 com_github_MitjaNemec_PlaceFootprints.place_footprints 156:Footprint TP190 on root level
08-09 10:38:35 com_github_MitjaNemec_PlaceFootprints.place_footprints 156:Footprint TP189 on root level
08-09 10:38:35 com_github_MitjaNemec_PlaceFootprints.place_footprints 156:Footprint TP188 on root level
08-09 10:38:35 com_github_MitjaNemec_PlaceFootprints.place_footprints 156:Footprint TP187 on root level
08-09 10:38:35 com_github_MitjaNemec_PlaceFootprints.place_footprints 156:Footprint TP186 on root level
08-09 10:38:35 com_github_MitjaNemec_PlaceFootprints.place_footprints 156:Footprint TP185 on root level
08-09 10:38:35 com_github_MitjaNemec_PlaceFootprints.place_footprints 156:Footprint TP184 on root level
08-09 10:38:35 com_github_MitjaNemec_PlaceFootprints.place_footprints 156:Footprint TP183 on root level
08-09 10:38:35 com_github_MitjaNemec_PlaceFootprints.place_footprints 156:Footprint TP182 on root level
08-09 10:38:35 com_github_MitjaNemec_PlaceFootprints.place_footprints 156:Footprint TP181 on root level
08-09 10:38:35 com_github_MitjaNemec_PlaceFootprints.place_footprints 156:Footprint TP180 on root level
08-09 10:38:35 com_github_MitjaNemec_PlaceFootprints.place_footprints 156:Footprint TP179 on root level
08-09 10:38:35 com_github_MitjaNemec_PlaceFootprints.place_footprints 156:Footprint TP178 on root level
08-09 10:38:35 com_github_MitjaNemec_PlaceFootprints.place_footprints 156:Footprint TP177 on root level
08-09 10:38:35 com_github_MitjaNemec_PlaceFootprints.place_footprints 156:Footprint TP176 on root level
08-09 10:38:35 com_github_MitjaNemec_PlaceFootprints.place_footprints 156:Footprint TP175 on root level
08-09 10:38:35 com_github_MitjaNemec_PlaceFootprints.place_footprints 156:Footprint TP174 on root level
08-09 10:38:35 com_github_MitjaNemec_PlaceFootprints.place_footprints 156:Footprint TP173 on root level
08-09 10:38:35 com_github_MitjaNemec_PlaceFootprints.place_footprints 156:Footprint TP172 on root level
08-09 10:38:35 com_github_MitjaNemec_PlaceFootprints.place_footprints 156:Footprint TP171 on root level
08-09 10:38:35 com_github_MitjaNemec_PlaceFootprints.place_footprints 156:Footprint TP170 on root level
08-09 10:38:35 com_github_MitjaNemec_PlaceFootprints.place_footprints 156:Footprint TP169 on root level
08-09 10:38:35 com_github_MitjaNemec_PlaceFootprints.place_footprints 156:Footprint TP168 on root level
08-09 10:38:35 com_github_MitjaNemec_PlaceFootprints.place_footprints 156:Footprint TP167 on root level
08-09 10:38:35 com_github_MitjaNemec_PlaceFootprints.place_footprints 156:Footprint TP166 on root level
08-09 10:38:35 com_github_MitjaNemec_PlaceFootprints.place_footprints 156:Footprint TP165 on root level
08-09 10:38:35 com_github_MitjaNemec_PlaceFootprints.place_footprints 156:Footprint TP164 on root level
08-09 10:38:35 com_github_MitjaNemec_PlaceFootprints.place_footprints 156:Footprint TP163 on root level
08-09 10:38:35 com_github_MitjaNemec_PlaceFootprints.place_footprints 156:Footprint TP162 on root level
08-09 10:38:35 com_github_MitjaNemec_PlaceFootprints.place_footprints 156:Footprint TP161 on root level
08-09 10:38:35 com_github_MitjaNemec_PlaceFootprints.place_footprints 156:Footprint TP160 on root level
08-09 10:38:35 com_github_MitjaNemec_PlaceFootprints.place_footprints 156:Footprint TP159 on root level
08-09 10:38:35 com_github_MitjaNemec_PlaceFootprints.place_footprints 156:Footprint TP158 on root level
08-09 10:38:35 com_github_MitjaNemec_PlaceFootprints.place_footprints 156:Footprint TP157 on root level
08-09 10:38:35 com_github_MitjaNemec_PlaceFootprints.place_footprints 156:Footprint TP156 on root level
08-09 10:38:35 com_github_MitjaNemec_PlaceFootprints.place_footprints 156:Footprint TP155 on root level
08-09 10:38:35 com_github_MitjaNemec_PlaceFootprints.place_footprints 156:Footprint TP154 on root level
08-09 10:38:35 com_github_MitjaNemec_PlaceFootprints.place_footprints 156:Footprint TP153 on root level
08-09 10:38:35 com_github_MitjaNemec_PlaceFootprints.place_footprints 156:Footprint TP152 on root level
08-09 10:38:35 com_github_MitjaNemec_PlaceFootprints.place_footprints 156:Footprint TP151 on root level
08-09 10:38:35 com_github_MitjaNemec_PlaceFootprints.place_footprints 156:Footprint TP150 on root level
08-09 10:38:35 com_github_MitjaNemec_PlaceFootprints.place_footprints 156:Footprint TP149 on root level
08-09 10:38:35 com_github_MitjaNemec_PlaceFootprints.place_footprints 156:Footprint TP148 on root level
08-09 10:38:35 com_github_MitjaNemec_PlaceFootprints.place_footprints 156:Footprint TP147 on root level
08-09 10:38:35 com_github_MitjaNemec_PlaceFootprints.place_footprints 156:Footprint TP146 on root level
08-09 10:38:35 com_github_MitjaNemec_PlaceFootprints.place_footprints 156:Footprint TP145 on root level
08-09 10:38:35 com_github_MitjaNemec_PlaceFootprints.place_footprints 156:Footprint TP144 on root level
08-09 10:38:35 com_github_MitjaNemec_PlaceFootprints.place_footprints 156:Footprint TP143 on root level
08-09 10:38:35 com_github_MitjaNemec_PlaceFootprints.place_footprints 156:Footprint TP142 on root level
08-09 10:38:35 com_github_MitjaNemec_PlaceFootprints.place_footprints 156:Footprint TP141 on root level
08-09 10:38:35 com_github_MitjaNemec_PlaceFootprints.place_footprints 156:Footprint TP140 on root level
08-09 10:38:35 com_github_MitjaNemec_PlaceFootprints.place_footprints 156:Footprint TP139 on root level
08-09 10:38:35 com_github_MitjaNemec_PlaceFootprints.place_footprints 156:Footprint TP138 on root level
08-09 10:38:35 com_github_MitjaNemec_PlaceFootprints.place_footprints 156:Footprint TP137 on root level
08-09 10:38:35 com_github_MitjaNemec_PlaceFootprints.place_footprints 156:Footprint TP136 on root level
08-09 10:38:35 com_github_MitjaNemec_PlaceFootprints.place_footprints 156:Footprint TP135 on root level
08-09 10:38:35 com_github_MitjaNemec_PlaceFootprints.place_footprints 156:Footprint TP134 on root level
08-09 10:38:35 com_github_MitjaNemec_PlaceFootprints.place_footprints 156:Footprint TP133 on root level
08-09 10:38:35 com_github_MitjaNemec_PlaceFootprints.place_footprints 156:Footprint TP132 on root level
08-09 10:38:35 com_github_MitjaNemec_PlaceFootprints.place_footprints 156:Footprint TP131 on root level
08-09 10:38:35 com_github_MitjaNemec_PlaceFootprints.place_footprints 156:Footprint TP130 on root level
08-09 10:38:35 com_github_MitjaNemec_PlaceFootprints.place_footprints 156:Footprint TP129 on root level
08-09 10:38:35 com_github_MitjaNemec_PlaceFootprints.place_footprints 156:Footprint TP128 on root level
08-09 10:38:35 com_github_MitjaNemec_PlaceFootprints.place_footprints 156:Footprint TP127 on root level
08-09 10:38:35 com_github_MitjaNemec_PlaceFootprints.place_footprints 156:Footprint TP126 on root level
08-09 10:38:35 com_github_MitjaNemec_PlaceFootprints.place_footprints 156:Footprint TP125 on root level
08-09 10:38:35 com_github_MitjaNemec_PlaceFootprints.place_footprints 156:Footprint TP124 on root level
08-09 10:38:35 com_github_MitjaNemec_PlaceFootprints.place_footprints 156:Footprint TP123 on root level
08-09 10:38:35 com_github_MitjaNemec_PlaceFootprints.place_footprints 156:Footprint TP122 on root level
08-09 10:38:35 com_github_MitjaNemec_PlaceFootprints.place_footprints 156:Footprint TP121 on root level
08-09 10:38:35 com_github_MitjaNemec_PlaceFootprints.place_footprints 156:Footprint TP120 on root level
08-09 10:38:35 com_github_MitjaNemec_PlaceFootprints.place_footprints 156:Footprint TP119 on root level
08-09 10:38:35 com_github_MitjaNemec_PlaceFootprints.place_footprints 156:Footprint TP118 on root level
08-09 10:38:35 com_github_MitjaNemec_PlaceFootprints.place_footprints 156:Footprint TP117 on root level
08-09 10:38:35 com_github_MitjaNemec_PlaceFootprints.place_footprints 156:Footprint TP116 on root level
08-09 10:38:35 com_github_MitjaNemec_PlaceFootprints.place_footprints 156:Footprint TP115 on root level
08-09 10:38:35 com_github_MitjaNemec_PlaceFootprints.place_footprints 156:Footprint TP114 on root level
08-09 10:38:35 com_github_MitjaNemec_PlaceFootprints.place_footprints 156:Footprint TP113 on root level
08-09 10:38:35 com_github_MitjaNemec_PlaceFootprints.place_footprints 156:Footprint TP112 on root level
08-09 10:38:35 com_github_MitjaNemec_PlaceFootprints.place_footprints 156:Footprint TP111 on root level
08-09 10:38:35 com_github_MitjaNemec_PlaceFootprints.place_footprints 156:Footprint TP110 on root level
08-09 10:38:35 com_github_MitjaNemec_PlaceFootprints.place_footprints 156:Footprint TP109 on root level
08-09 10:38:35 com_github_MitjaNemec_PlaceFootprints.place_footprints 156:Footprint TP108 on root level
08-09 10:38:35 com_github_MitjaNemec_PlaceFootprints.place_footprints 156:Footprint TP107 on root level
08-09 10:38:35 com_github_MitjaNemec_PlaceFootprints.place_footprints 156:Footprint TP106 on root level
08-09 10:38:35 com_github_MitjaNemec_PlaceFootprints.place_footprints 156:Footprint TP105 on root level
08-09 10:38:35 com_github_MitjaNemec_PlaceFootprints.place_footprints 156:Footprint TP104 on root level
08-09 10:38:35 com_github_MitjaNemec_PlaceFootprints.place_footprints 156:Footprint TP103 on root level
08-09 10:38:35 com_github_MitjaNemec_PlaceFootprints.place_footprints 156:Footprint TP102 on root level
08-09 10:38:35 com_github_MitjaNemec_PlaceFootprints.place_footprints 156:Footprint TP101 on root level
08-09 10:38:35 com_github_MitjaNemec_PlaceFootprints.place_footprints 156:Footprint TP100 on root level
08-09 10:38:35 com_github_MitjaNemec_PlaceFootprints.place_footprints 156:Footprint TP99 on root level
08-09 10:38:35 com_github_MitjaNemec_PlaceFootprints.place_footprints 156:Footprint TP98 on root level
08-09 10:38:35 com_github_MitjaNemec_PlaceFootprints.place_footprints 156:Footprint TP97 on root level
08-09 10:38:35 com_github_MitjaNemec_PlaceFootprints.place_footprints 156:Footprint TP96 on root level
08-09 10:38:35 com_github_MitjaNemec_PlaceFootprints.place_footprints 156:Footprint TP95 on root level
08-09 10:38:35 com_github_MitjaNemec_PlaceFootprints.place_footprints 156:Footprint TP94 on root level
08-09 10:38:35 com_github_MitjaNemec_PlaceFootprints.place_footprints 156:Footprint TP93 on root level
08-09 10:38:35 com_github_MitjaNemec_PlaceFootprints.place_footprints 156:Footprint TP92 on root level
08-09 10:38:35 com_github_MitjaNemec_PlaceFootprints.place_footprints 156:Footprint TP91 on root level
08-09 10:38:35 com_github_MitjaNemec_PlaceFootprints.place_footprints 156:Footprint TP90 on root level
08-09 10:38:35 com_github_MitjaNemec_PlaceFootprints.place_footprints 156:Footprint TP89 on root level
08-09 10:38:35 com_github_MitjaNemec_PlaceFootprints.place_footprints 156:Footprint TP88 on root level
08-09 10:38:35 com_github_MitjaNemec_PlaceFootprints.place_footprints 156:Footprint TP87 on root level
08-09 10:38:35 com_github_MitjaNemec_PlaceFootprints.place_footprints 156:Footprint TP86 on root level
08-09 10:38:35 com_github_MitjaNemec_PlaceFootprints.place_footprints 156:Footprint TP85 on root level
08-09 10:38:35 com_github_MitjaNemec_PlaceFootprints.place_footprints 156:Footprint TP84 on root level
08-09 10:38:35 com_github_MitjaNemec_PlaceFootprints.place_footprints 156:Footprint TP83 on root level
08-09 10:38:35 com_github_MitjaNemec_PlaceFootprints.place_footprints 156:Footprint TP82 on root level
08-09 10:38:35 com_github_MitjaNemec_PlaceFootprints.place_footprints 156:Footprint TP81 on root level
08-09 10:38:35 com_github_MitjaNemec_PlaceFootprints.place_footprints 156:Footprint TP80 on root level
08-09 10:38:35 com_github_MitjaNemec_PlaceFootprints.place_footprints 156:Footprint TP79 on root level
08-09 10:38:35 com_github_MitjaNemec_PlaceFootprints.place_footprints 156:Footprint TP78 on root level
08-09 10:38:35 com_github_MitjaNemec_PlaceFootprints.place_footprints 156:Footprint TP77 on root level
08-09 10:38:35 com_github_MitjaNemec_PlaceFootprints.place_footprints 156:Footprint TP76 on root level
08-09 10:38:35 com_github_MitjaNemec_PlaceFootprints.place_footprints 156:Footprint TP75 on root level
08-09 10:38:35 com_github_MitjaNemec_PlaceFootprints.place_footprints 156:Footprint TP74 on root level
08-09 10:38:35 com_github_MitjaNemec_PlaceFootprints.place_footprints 156:Footprint TP73 on root level
08-09 10:38:35 com_github_MitjaNemec_PlaceFootprints.place_footprints 156:Footprint TP72 on root level
08-09 10:38:35 com_github_MitjaNemec_PlaceFootprints.place_footprints 156:Footprint TP71 on root level
08-09 10:38:35 com_github_MitjaNemec_PlaceFootprints.place_footprints 156:Footprint TP70 on root level
08-09 10:38:35 com_github_MitjaNemec_PlaceFootprints.place_footprints 156:Footprint TP69 on root level
08-09 10:38:35 com_github_MitjaNemec_PlaceFootprints.place_footprints 156:Footprint TP68 on root level
08-09 10:38:35 com_github_MitjaNemec_PlaceFootprints.place_footprints 156:Footprint TP67 on root level
08-09 10:38:35 com_github_MitjaNemec_PlaceFootprints.place_footprints 156:Footprint TP66 on root level
08-09 10:38:35 com_github_MitjaNemec_PlaceFootprints.place_footprints 156:Footprint TP65 on root level
08-09 10:38:35 com_github_MitjaNemec_PlaceFootprints.place_footprints 156:Footprint TP64 on root level
08-09 10:38:35 com_github_MitjaNemec_PlaceFootprints.place_footprints 156:Footprint TP63 on root level
08-09 10:38:35 com_github_MitjaNemec_PlaceFootprints.place_footprints 156:Footprint TP62 on root level
08-09 10:38:35 com_github_MitjaNemec_PlaceFootprints.place_footprints 156:Footprint TP61 on root level
08-09 10:38:35 com_github_MitjaNemec_PlaceFootprints.place_footprints 156:Footprint TP60 on root level
08-09 10:38:35 com_github_MitjaNemec_PlaceFootprints.place_footprints 156:Footprint TP59 on root level
08-09 10:38:35 com_github_MitjaNemec_PlaceFootprints.place_footprints 156:Footprint TP58 on root level
08-09 10:38:35 com_github_MitjaNemec_PlaceFootprints.place_footprints 156:Footprint TP57 on root level
08-09 10:38:35 com_github_MitjaNemec_PlaceFootprints.place_footprints 156:Footprint TP56 on root level
08-09 10:38:35 com_github_MitjaNemec_PlaceFootprints.place_footprints 156:Footprint TP55 on root level
08-09 10:38:35 com_github_MitjaNemec_PlaceFootprints.place_footprints 156:Footprint TP54 on root level
08-09 10:38:35 com_github_MitjaNemec_PlaceFootprints.place_footprints 156:Footprint TP53 on root level
08-09 10:38:35 com_github_MitjaNemec_PlaceFootprints.place_footprints 156:Footprint TP52 on root level
08-09 10:38:35 com_github_MitjaNemec_PlaceFootprints.place_footprints 156:Footprint TP51 on root level
08-09 10:38:35 com_github_MitjaNemec_PlaceFootprints.place_footprints 156:Footprint TP50 on root level
08-09 10:38:35 com_github_MitjaNemec_PlaceFootprints.place_footprints 156:Footprint TP49 on root level
08-09 10:38:35 com_github_MitjaNemec_PlaceFootprints.place_footprints 156:Footprint TP48 on root level
08-09 10:38:35 com_github_MitjaNemec_PlaceFootprints.place_footprints 156:Footprint TP47 on root level
08-09 10:38:35 com_github_MitjaNemec_PlaceFootprints.place_footprints 156:Footprint TP46 on root level
08-09 10:38:35 com_github_MitjaNemec_PlaceFootprints.place_footprints 156:Footprint TP45 on root level
08-09 10:38:35 com_github_MitjaNemec_PlaceFootprints.place_footprints 156:Footprint TP44 on root level
08-09 10:38:35 com_github_MitjaNemec_PlaceFootprints.place_footprints 156:Footprint TP43 on root level
08-09 10:38:35 com_github_MitjaNemec_PlaceFootprints.place_footprints 156:Footprint TP42 on root level
08-09 10:38:35 com_github_MitjaNemec_PlaceFootprints.place_footprints 156:Footprint TP41 on root level
08-09 10:38:35 com_github_MitjaNemec_PlaceFootprints.place_footprints 156:Footprint TP40 on root level
08-09 10:38:35 com_github_MitjaNemec_PlaceFootprints.place_footprints 156:Footprint TP39 on root level
08-09 10:38:35 com_github_MitjaNemec_PlaceFootprints.place_footprints 156:Footprint TP38 on root level
08-09 10:38:35 com_github_MitjaNemec_PlaceFootprints.place_footprints 156:Footprint TP37 on root level
08-09 10:38:35 com_github_MitjaNemec_PlaceFootprints.place_footprints 156:Footprint TP36 on root level
08-09 10:38:35 com_github_MitjaNemec_PlaceFootprints.place_footprints 156:Footprint TP35 on root level
08-09 10:38:35 com_github_MitjaNemec_PlaceFootprints.place_footprints 156:Footprint TP34 on root level
08-09 10:38:35 com_github_MitjaNemec_PlaceFootprints.place_footprints 156:Footprint TP33 on root level
08-09 10:38:35 com_github_MitjaNemec_PlaceFootprints.place_footprints 156:Footprint TP32 on root level
08-09 10:38:35 com_github_MitjaNemec_PlaceFootprints.place_footprints 156:Footprint TP31 on root level
08-09 10:38:35 com_github_MitjaNemec_PlaceFootprints.place_footprints 156:Footprint TP30 on root level
08-09 10:38:35 com_github_MitjaNemec_PlaceFootprints.place_footprints 156:Footprint TP29 on root level
08-09 10:38:35 com_github_MitjaNemec_PlaceFootprints.place_footprints 156:Footprint TP28 on root level
08-09 10:38:35 com_github_MitjaNemec_PlaceFootprints.place_footprints 156:Footprint TP27 on root level
08-09 10:38:35 com_github_MitjaNemec_PlaceFootprints.place_footprints 156:Footprint TP26 on root level
08-09 10:38:35 com_github_MitjaNemec_PlaceFootprints.place_footprints 156:Footprint TP25 on root level
08-09 10:38:35 com_github_MitjaNemec_PlaceFootprints.place_footprints 156:Footprint TP24 on root level
08-09 10:38:35 com_github_MitjaNemec_PlaceFootprints.place_footprints 156:Footprint TP23 on root level
08-09 10:38:35 com_github_MitjaNemec_PlaceFootprints.place_footprints 156:Footprint TP22 on root level
08-09 10:38:35 com_github_MitjaNemec_PlaceFootprints.place_footprints 156:Footprint TP21 on root level
08-09 10:38:35 com_github_MitjaNemec_PlaceFootprints.place_footprints 156:Footprint TP20 on root level
08-09 10:38:35 com_github_MitjaNemec_PlaceFootprints.place_footprints 156:Footprint TP19 on root level
08-09 10:38:35 com_github_MitjaNemec_PlaceFootprints.place_footprints 156:Footprint TP18 on root level
08-09 10:38:35 com_github_MitjaNemec_PlaceFootprints.place_footprints 156:Footprint TP17 on root level
08-09 10:38:35 com_github_MitjaNemec_PlaceFootprints.place_footprints 156:Footprint TP16 on root level
08-09 10:38:35 com_github_MitjaNemec_PlaceFootprints.place_footprints 156:Footprint TP15 on root level
08-09 10:38:35 com_github_MitjaNemec_PlaceFootprints.place_footprints 156:Footprint TP14 on root level
08-09 10:38:35 com_github_MitjaNemec_PlaceFootprints.place_footprints 156:Footprint TP13 on root level
08-09 10:38:35 com_github_MitjaNemec_PlaceFootprints.place_footprints 156:Footprint TP12 on root level
08-09 10:38:35 com_github_MitjaNemec_PlaceFootprints.place_footprints 156:Footprint TP11 on root level
08-09 10:38:35 com_github_MitjaNemec_PlaceFootprints.place_footprints 156:Footprint TP10 on root level
08-09 10:38:35 com_github_MitjaNemec_PlaceFootprints.place_footprints 156:Footprint TP9 on root level
08-09 10:38:35 com_github_MitjaNemec_PlaceFootprints.place_footprints 156:Footprint TP8 on root level
08-09 10:38:35 com_github_MitjaNemec_PlaceFootprints.place_footprints 156:Footprint TP7 on root level
08-09 10:38:35 com_github_MitjaNemec_PlaceFootprints.place_footprints 156:Footprint TP6 on root level
08-09 10:38:35 com_github_MitjaNemec_PlaceFootprints.place_footprints 156:Footprint TP5 on root level
08-09 10:38:35 com_github_MitjaNemec_PlaceFootprints.place_footprints 156:Footprint TP4 on root level
08-09 10:38:35 com_github_MitjaNemec_PlaceFootprints.place_footprints 156:Footprint TP3 on root level
08-09 10:38:35 com_github_MitjaNemec_PlaceFootprints.place_footprints 156:Footprint TP2 on root level
08-09 10:38:35 com_github_MitjaNemec_PlaceFootprints.place_footprints 156:Footprint TP1 on root level
08-09 10:38:35 com_github_MitjaNemec_PlaceFootprints.action_place_footprints 717:Reference footprint='TP1'
08-09 10:38:36 com_github_MitjaNemec_PlaceFootprints.action_place_footprints 858:Reference designator is: TP
08-09 10:38:36 com_github_MitjaNemec_PlaceFootprints.action_place_footprints 859:Reference number is: 1
08-09 10:38:36 com_github_MitjaNemec_PlaceFootprints.action_place_footprints 891:Sorted and filtered list:
['TP1', 'TP2', 'TP3', 'TP4', 'TP5', 'TP6', 'TP7', 'TP8', 'TP9', 'TP10', 'TP11', 'TP12', 'TP13', 'TP14', 'TP15', 'TP16', 'TP17', 'TP18', 'TP19', 'TP20', 'TP21', 'TP22', 'TP23', 'TP24', 'TP25', 'TP26', 'TP27', 'TP28', 'TP29', 'TP30', 'TP31', 'TP32', 'TP33', 'TP34', 'TP35', 'TP36', 'TP37', 'TP38', 'TP39', 'TP40', 'TP41', 'TP42', 'TP43', 'TP44', 'TP45', 'TP46', 'TP47', 'TP48', 'TP49', 'TP50', 'TP51', 'TP52', 'TP53', 'TP54', 'TP55', 'TP56', 'TP57', 'TP58', 'TP59', 'TP60', 'TP61', 'TP62', 'TP63', 'TP64', 'TP65', 'TP66', 'TP67', 'TP68', 'TP69', 'TP70', 'TP71', 'TP72', 'TP73', 'TP74', 'TP75', 'TP76', 'TP77', 'TP78', 'TP79', 'TP80', 'TP81', 'TP82', 'TP83', 'TP84', 'TP85', 'TP86', 'TP87', 'TP88', 'TP89', 'TP90', 'TP91', 'TP92', 'TP93', 'TP94', 'TP95', 'TP96', 'TP97', 'TP98', 'TP99', 'TP100', 'TP101', 'TP102', 'TP103', 'TP104', 'TP105', 'TP106', 'TP107', 'TP108', 'TP109', 'TP110', 'TP111', 'TP112', 'TP113', 'TP114', 'TP115', 'TP116', 'TP117', 'TP118', 'TP119', 'TP120', 'TP121', 'TP122', 'TP123', 'TP124', 'TP125', 'TP126', 'TP127', 'TP128', 'TP129', 'TP130', 'TP131', 'TP132', 'TP133', 'TP134', 'TP135', 'TP136', 'TP137', 'TP138', 'TP139', 'TP140', 'TP141', 'TP142', 'TP143', 'TP144', 'TP145', 'TP146', 'TP147', 'TP148', 'TP149', 'TP150', 'TP151', 'TP152', 'TP153', 'TP154', 'TP155', 'TP156', 'TP157', 'TP158', 'TP159', 'TP160', 'TP161', 'TP162', 'TP163', 'TP164', 'TP165', 'TP166', 'TP167', 'TP168', 'TP169', 'TP170', 'TP171', 'TP172', 'TP173', 'TP174', 'TP175', 'TP176', 'TP177', 'TP178', 'TP179', 'TP180', 'TP181', 'TP182', 'TP183', 'TP184', 'TP185', 'TP186', 'TP187', 'TP188', 'TP189', 'TP190', 'TP191', 'TP192', 'TP193', 'TP194', 'TP195', 'TP196', 'TP197', 'TP198', 'TP199', 'TP200', 'TP201', 'TP202', 'TP203', 'TP204', 'TP205', 'TP206', 'TP207', 'TP208', 'TP209', 'TP210', 'TP211', 'TP212', 'TP213', 'TP214', 'TP215', 'TP216', 'TP217', 'TP218', 'TP219', 'TP220', 'TP221', 'TP222', 'TP223', 'TP224', 'TP225', 'TP226', 'TP227', 'TP228', 'TP229', 'TP230', 'TP231', 'TP232', 'TP233', 'TP234', 'TP235', 'TP236', 'TP237', 'TP238', 'TP239', 'TP240', 'TP241', 'TP242', 'TP243', 'TP244', 'TP245', 'TP246', 'TP247', 'TP248', 'TP249', 'TP250', 'TP251', 'TP252', 'TP253', 'TP254', 'TP255', 'TP256', 'TP257', 'TP258', 'TP259', 'TP260', 'TP261', 'TP262', 'TP263', 'TP264', 'TP265', 'TP266', 'TP267', 'TP268', 'TP269', 'TP270', 'TP271', 'TP272', 'TP273', 'TP274', 'TP275', 'TP276', 'TP277', 'TP278', 'TP279', 'TP280', 'TP281', 'TP282', 'TP283', 'TP284', 'TP285', 'TP286', 'TP287', 'TP288', 'TP289', 'TP290', 'TP291', 'TP292', 'TP293', 'TP294', 'TP295', 'TP296', 'TP297', 'TP298', 'TP299', 'TP300', 'TP301', 'TP302', 'TP303', 'TP304', 'TP305', 'TP306', 'TP307', 'TP308', 'TP309', 'TP310', 'TP311', 'TP312', 'TP313', 'TP314', 'TP315', 'TP316', 'TP317', 'TP318', 'TP319', 'TP320', 'TP321', 'TP322', 'TP323', 'TP324', 'TP325', 'TP326', 'TP327', 'TP328', 'TP329', 'TP330', 'TP331', 'TP332', 'TP333', 'TP334', 'TP335', 'TP336', 'TP337', 'TP338', 'TP339', 'TP340', 'TP341', 'TP342', 'TP343', 'TP344', 'TP345', 'TP346', 'TP347', 'TP348', 'TP349', 'TP350', 'TP351', 'TP352', 'TP353', 'TP354', 'TP355', 'TP356', 'TP357', 'TP358', 'TP359', 'TP360', 'TP361', 'TP362', 'TP363', 'TP364', 'TP365', 'TP366', 'TP367', 'TP368', 'TP369', 'TP370', 'TP371', 'TP372', 'TP373', 'TP374', 'TP375', 'TP376', 'TP377', 'TP378', 'TP379', 'TP380', 'TP381', 'TP382', 'TP383', 'TP384', 'TP385', 'TP386', 'TP387', 'TP388', 'TP389', 'TP390', 'TP391', 'TP392', 'TP393', 'TP394', 'TP395', 'TP396', 'TP397', 'TP398', 'TP399', 'TP400', 'TP401', 'TP402', 'TP403', 'TP404', 'TP405', 'TP406', 'TP407', 'TP408', 'TP409', 'TP410', 'TP411', 'TP412', 'TP413', 'TP414', 'TP415', 'TP416', 'TP417', 'TP418', 'TP419', 'TP420', 'TP421', 'TP422', 'TP423', 'TP424', 'TP425', 'TP426', 'TP427', 'TP428', 'TP429', 'TP430', 'TP431', 'TP432', 'TP433', 'TP434', 'TP435', 'TP436', 'TP437', 'TP438', 'TP439', 'TP440', 'TP441', 'TP442', 'TP443', 'TP444', 'TP445', 'TP446', 'TP447', 'TP448', 'TP449', 'TP450', 'TP451', 'TP452', 'TP453', 'TP454', 'TP455', 'TP456', 'TP457', 'TP458', 'TP459', 'TP460', 'TP461', 'TP462', 'TP463', 'TP464', 'TP465', 'TP466', 'TP467', 'TP468', 'TP469', 'TP470', 'TP471', 'TP472', 'TP473', 'TP474', 'TP475', 'TP476', 'TP477', 'TP478', 'TP479', 'TP480', 'TP481', 'TP482', 'TP483', 'TP484', 'TP485', 'TP486', 'TP487', 'TP488', 'TP489', 'TP490', 'TP491', 'TP492', 'TP493', 'TP494', 'TP495', 'TP496', 'TP497', 'TP498', 'TP499', 'TP500', 'TP501', 'TP502', 'TP503', 'TP504', 'TP505', 'TP506', 'TP507', 'TP508', 'TP509', 'TP510', 'TP511', 'TP512', 'TP513', 'TP514', 'TP515', 'TP516', 'TP517', 'TP518', 'TP519', 'TP520', 'TP521', 'TP522', 'TP523', 'TP524', 'TP525', 'TP526', 'TP527', 'TP528', 'TP529', 'TP530', 'TP531', 'TP532', 'TP533', 'TP534', 'TP535', 'TP536', 'TP537', 'TP538', 'TP539', 'TP540', 'TP541', 'TP542', 'TP543', 'TP544', 'TP545', 'TP546', 'TP547', 'TP548', 'TP549', 'TP550', 'TP551', 'TP552', 'TP553', 'TP554', 'TP555', 'TP556', 'TP557', 'TP558', 'TP559', 'TP560', 'TP561', 'TP562', 'TP563', 'TP564', 'TP565', 'TP566', 'TP567', 'TP568', 'TP569', 'TP570', 'TP571', 'TP572']
08-09 10:38:36 com_github_MitjaNemec_PlaceFootprints.action_place_footprints 376:wx.Colour(240, 240, 240, 255)
08-09 10:38:44 com_github_MitjaNemec_PlaceFootprints.action_place_footprints 507:'2.54'
08-09 10:38:44 com_github_MitjaNemec_PlaceFootprints.action_place_footprints 566:Preparing config for reference matrix
08-09 10:38:44 com_github_MitjaNemec_PlaceFootprints.action_place_footprints 573:Saving config file
08-09 10:38:44 com_github_MitjaNemec_PlaceFootprints.action_place_footprints 575:Saved the config file
08-09 10:38:44 com_github_MitjaNemec_PlaceFootprints.action_place_footprints 929:Footprints to place:
['TP1', 'TP2', 'TP3', 'TP4', 'TP5', 'TP6', 'TP7', 'TP8', 'TP9', 'TP10', 'TP11', 'TP12', 'TP13', 'TP14', 'TP15', 'TP16', 'TP17', 'TP18', 'TP19', 'TP20', 'TP21', 'TP22', 'TP23', 'TP24', 'TP25', 'TP26', 'TP27', 'TP28', 'TP29', 'TP30', 'TP31', 'TP32', 'TP33', 'TP34', 'TP35', 'TP36', 'TP37', 'TP38', 'TP39', 'TP40', 'TP41', 'TP42', 'TP43', 'TP44', 'TP45', 'TP46', 'TP47', 'TP48', 'TP49', 'TP50', 'TP51', 'TP52', 'TP53', 'TP54', 'TP55', 'TP56', 'TP57', 'TP58', 'TP59', 'TP60', 'TP61', 'TP62', 'TP63', 'TP64', 'TP65', 'TP66', 'TP67', 'TP68', 'TP69', 'TP70', 'TP71', 'TP72', 'TP73', 'TP74', 'TP75', 'TP76', 'TP77', 'TP78', 'TP79', 'TP80', 'TP81', 'TP82', 'TP83', 'TP84', 'TP85', 'TP86', 'TP87', 'TP88', 'TP89', 'TP90', 'TP91', 'TP92', 'TP93', 'TP94', 'TP95', 'TP96', 'TP97', 'TP98', 'TP99', 'TP100', 'TP101', 'TP102', 'TP103', 'TP104', 'TP105', 'TP106', 'TP107', 'TP108', 'TP109', 'TP110', 'TP111', 'TP112', 'TP113', 'TP114', 'TP115', 'TP116', 'TP117', 'TP118', 'TP119', 'TP120', 'TP121', 'TP122', 'TP123', 'TP124', 'TP125', 'TP126', 'TP127', 'TP128', 'TP129', 'TP130', 'TP131', 'TP132', 'TP133', 'TP134', 'TP135', 'TP136', 'TP137', 'TP138', 'TP139', 'TP140', 'TP141', 'TP142', 'TP143', 'TP144', 'TP145', 'TP146', 'TP147', 'TP148', 'TP149', 'TP150', 'TP151', 'TP152', 'TP153', 'TP154', 'TP155', 'TP156', 'TP157', 'TP158', 'TP159', 'TP160', 'TP161', 'TP162', 'TP163', 'TP164', 'TP165', 'TP166', 'TP167', 'TP168', 'TP169', 'TP170', 'TP171', 'TP172', 'TP173', 'TP174', 'TP175', 'TP176', 'TP177', 'TP178', 'TP179', 'TP180', 'TP181', 'TP182', 'TP183', 'TP184', 'TP185', 'TP186', 'TP187', 'TP188', 'TP189', 'TP190', 'TP191', 'TP192', 'TP193', 'TP194', 'TP195', 'TP196', 'TP197', 'TP198', 'TP199', 'TP200', 'TP201', 'TP202', 'TP203', 'TP204', 'TP205', 'TP206', 'TP207', 'TP208', 'TP209', 'TP210', 'TP211', 'TP212', 'TP213', 'TP214', 'TP215', 'TP216', 'TP217', 'TP218', 'TP219', 'TP220', 'TP221', 'TP222', 'TP223', 'TP224', 'TP225', 'TP226', 'TP227', 'TP228', 'TP229', 'TP230', 'TP231', 'TP232', 'TP233', 'TP234', 'TP235', 'TP236', 'TP237', 'TP238', 'TP239', 'TP240', 'TP241', 'TP242', 'TP243', 'TP244', 'TP245', 'TP246', 'TP247', 'TP248', 'TP249', 'TP250', 'TP251', 'TP252', 'TP253', 'TP254', 'TP255', 'TP256', 'TP257', 'TP258', 'TP259', 'TP260', 'TP261', 'TP262', 'TP263', 'TP264', 'TP265', 'TP266', 'TP267', 'TP268', 'TP269', 'TP270', 'TP271', 'TP272', 'TP273', 'TP274', 'TP275', 'TP276', 'TP277', 'TP278', 'TP279', 'TP280', 'TP281', 'TP282', 'TP283', 'TP284', 'TP285', 'TP286', 'TP287', 'TP288', 'TP289', 'TP290', 'TP291', 'TP292', 'TP293', 'TP294', 'TP295', 'TP296', 'TP297', 'TP298', 'TP299', 'TP300', 'TP301', 'TP302', 'TP303', 'TP304', 'TP305', 'TP306', 'TP307', 'TP308', 'TP309', 'TP310', 'TP311', 'TP312', 'TP313', 'TP314', 'TP315', 'TP316', 'TP317', 'TP318', 'TP319', 'TP320', 'TP321', 'TP322', 'TP323', 'TP324', 'TP325', 'TP326', 'TP327', 'TP328', 'TP329', 'TP330', 'TP331', 'TP332', 'TP333', 'TP334', 'TP335', 'TP336', 'TP337', 'TP338', 'TP339', 'TP340', 'TP341', 'TP342', 'TP343', 'TP344', 'TP345', 'TP346', 'TP347', 'TP348', 'TP349', 'TP350', 'TP351', 'TP352', 'TP353', 'TP354', 'TP355', 'TP356', 'TP357', 'TP358', 'TP359', 'TP360', 'TP361', 'TP362', 'TP363', 'TP364', 'TP365', 'TP366', 'TP367', 'TP368', 'TP369', 'TP370', 'TP371', 'TP372', 'TP373', 'TP374', 'TP375', 'TP376', 'TP377', 'TP378', 'TP379', 'TP380', 'TP381', 'TP382', 'TP383', 'TP384', 'TP385', 'TP386', 'TP387', 'TP388', 'TP389', 'TP390', 'TP391', 'TP392', 'TP393', 'TP394', 'TP395', 'TP396', 'TP397', 'TP398', 'TP399', 'TP400', 'TP401', 'TP402', 'TP403', 'TP404', 'TP405', 'TP406', 'TP407', 'TP408', 'TP409', 'TP410', 'TP411', 'TP412', 'TP413', 'TP414', 'TP415', 'TP416', 'TP417', 'TP418', 'TP419', 'TP420', 'TP421', 'TP422', 'TP423', 'TP424', 'TP425', 'TP426', 'TP427', 'TP428', 'TP429', 'TP430', 'TP431', 'TP432', 'TP433', 'TP434', 'TP435', 'TP436', 'TP437', 'TP438', 'TP439', 'TP440', 'TP441', 'TP442', 'TP443', 'TP444', 'TP445', 'TP446', 'TP447', 'TP448', 'TP449', 'TP450', 'TP451', 'TP452', 'TP453', 'TP454', 'TP455', 'TP456', 'TP457', 'TP458', 'TP459', 'TP460', 'TP461', 'TP462', 'TP463', 'TP464', 'TP465', 'TP466', 'TP467', 'TP468', 'TP469', 'TP470', 'TP471', 'TP472', 'TP473', 'TP474', 'TP475', 'TP476', 'TP477', 'TP478', 'TP479', 'TP480', 'TP481', 'TP482', 'TP483', 'TP484', 'TP485', 'TP486', 'TP487', 'TP488', 'TP489', 'TP490', 'TP491', 'TP492', 'TP493', 'TP494', 'TP495', 'TP496', 'TP497', 'TP498', 'TP499', 'TP500', 'TP501', 'TP502', 'TP503', 'TP504', 'TP505', 'TP506', 'TP507', 'TP508', 'TP509', 'TP510', 'TP511', 'TP512', 'TP513', 'TP514', 'TP515', 'TP516', 'TP517', 'TP518', 'TP519', 'TP520', 'TP521', 'TP522', 'TP523', 'TP524', 'TP525', 'TP526', 'TP527', 'TP528', 'TP529', 'TP530', 'TP531', 'TP532', 'TP533', 'TP534', 'TP535', 'TP536', 'TP537', 'TP538', 'TP539', 'TP540', 'TP541', 'TP542', 'TP543', 'TP544', 'TP545', 'TP546', 'TP547', 'TP548', 'TP549', 'TP550', 'TP551', 'TP552', 'TP553', 'TP554', 'TP555', 'TP556', 'TP557', 'TP558', 'TP559', 'TP560', 'TP561', 'TP562', 'TP563', 'TP564', 'TP565', 'TP566', 'TP567', 'TP568', 'TP569', 'TP570', 'TP571', 'TP572']
08-09 10:38:44 com_github_MitjaNemec_PlaceFootprints.place_footprints 427:Starting placing with matrix layout
08-09 10:38:44 com_github_MitjaNemec_PlaceFootprints.action_place_footprints 999:Placing complete
